<?xml version="1.0" encoding="UTF-8"?>
<testng-results skipped="0" failed="0" ignored="0" total="0" passed="0">
  <reporter-output>
  </reporter-output>
  <suite name="Failed suite [Default suite]" duration-ms="17" started-at="2018-07-07T05:52:38Z" finished-at="2018-07-07T05:52:38Z">
    <groups>
    </groups>
    <test name="Default test(failed)" duration-ms="17" started-at="2018-07-07T05:52:38Z" finished-at="2018-07-07T05:52:38Z">
    </test> <!-- Default test(failed) -->
  </suite> <!-- Failed suite [Default suite] -->
</testng-results>
